This is pdfTeX, Version 3.14159265-2.6-1.40.19 (TeX Live 2019/dev/Debian) (preloaded format=pdflatex 2020.4.19)  23 APR 2020 14:27
entering extended mode
 restricted \write18 enabled.
 %&-line parsing enabled.
**OpenGeoHub-machine-learning-training-1.tex
(./OpenGeoHub-machine-learning-training-1.tex
LaTeX2e <2018-12-01>
(/usr/share/texlive/texmf-dist/tex/latex/base/article.cls
Document Class: article 2018/09/03 v1.4i Standard LaTeX document class
(/usr/share/texlive/texmf-dist/tex/latex/base/size11.clo
File: size11.clo 2018/09/03 v1.4i Standard LaTeX file (size option)
)
\c@part=\count80
\c@section=\count81
\c@subsection=\count82
\c@subsubsection=\count83
\c@paragraph=\count84
\c@subparagraph=\count85
\c@figure=\count86
\c@table=\count87
\abovecaptionskip=\skip41
\belowcaptionskip=\skip42
\bibindent=\dimen102
)
(/usr/share/texlive/texmf-dist/tex/latex/graphics/graphicx.sty
Package: graphicx 2017/06/01 v1.1a Enhanced LaTeX Graphics (DPC,SPQR)

(/usr/share/texlive/texmf-dist/tex/latex/graphics/keyval.sty
Package: keyval 2014/10/28 v1.15 key=value parser (DPC)
\KV@toks@=\toks14
)
(/usr/share/texlive/texmf-dist/tex/latex/graphics/graphics.sty
Package: graphics 2017/06/25 v1.2c Standard LaTeX Graphics (DPC,SPQR)

(/usr/share/texlive/texmf-dist/tex/latex/graphics/trig.sty
Package: trig 2016/01/03 v1.10 sin cos tan (DPC)
)
(/usr/share/texlive/texmf-dist/tex/latex/graphics-cfg/graphics.cfg
File: graphics.cfg 2016/06/04 v1.11 sample graphics configuration
)
Package graphics Info: Driver file: pdftex.def on input line 99.

(/usr/share/texlive/texmf-dist/tex/latex/graphics-def/pdftex.def
File: pdftex.def 2018/01/08 v1.0l Graphics/color driver for pdftex
))
\Gin@req@height=\dimen103
\Gin@req@width=\dimen104
)
(/usr/share/texlive/texmf-dist/tex/latex/graphics/color.sty
Package: color 2016/07/10 v1.1e Standard LaTeX Color (DPC)

(/usr/share/texlive/texmf-dist/tex/latex/graphics-cfg/color.cfg
File: color.cfg 2016/01/02 v1.6 sample color configuration
)
Package color Info: Driver file: pdftex.def on input line 147.
)
(/usr/share/texlive/texmf-dist/tex/latex/framed/framed.sty
Package: framed 2011/10/22 v 0.96: framed or shaded text with page breaks
\OuterFrameSep=\skip43
\fb@frw=\dimen105
\fb@frh=\dimen106
\FrameRule=\dimen107
\FrameSep=\dimen108
)
(/usr/share/texlive/texmf-dist/tex/latex/base/alltt.sty
Package: alltt 1997/06/16 v2.0g defines alltt environment
)
(/usr/share/texlive/texmf-dist/tex/latex/base/inputenc.sty
Package: inputenc 2018/08/11 v1.3c Input encoding file
\inpenc@prehook=\toks15
\inpenc@posthook=\toks16
)
(/usr/share/texlive/texmf-dist/tex/latex/blindtext/blindtext.sty
Package: blindtext 2012/01/06 V2.0 blindtext-Package

(/usr/share/texlive/texmf-dist/tex/latex/tools/xspace.sty
Package: xspace 2014/10/28 v1.13 Space after command names (DPC,MH)
)
\c@blindtext=\count88
\c@Blindtext=\count89
\c@blind@countparstart=\count90
\blind@countxx=\count91
\blindtext@numBlindtext=\count92
\blind@countyy=\count93
\c@blindlist=\count94
\c@blindlistlevel=\count95
\c@blindlist@level=\count96
\blind@listitem=\count97
\c@blind@listcount=\count98
\c@blind@levelcount=\count99
\blind@mathformula=\count100
\blind@Mathformula=\count101
\c@blind@randomcount=\count102
\c@blind@randommax=\count103
\c@blind@pangramcount=\count104
\c@blind@pangrammax=\count105
)
(/usr/share/texlive/texmf-dist/tex/latex/hyperref/hyperref.sty
Package: hyperref 2018/11/30 v6.88e Hypertext links for LaTeX

(/usr/share/texlive/texmf-dist/tex/generic/oberdiek/hobsub-hyperref.sty
Package: hobsub-hyperref 2016/05/16 v1.14 Bundle oberdiek, subset hyperref (HO)


(/usr/share/texlive/texmf-dist/tex/generic/oberdiek/hobsub-generic.sty
Package: hobsub-generic 2016/05/16 v1.14 Bundle oberdiek, subset generic (HO)
Package: hobsub 2016/05/16 v1.14 Construct package bundles (HO)
Package: infwarerr 2016/05/16 v1.4 Providing info/warning/error messages (HO)
Package: ltxcmds 2016/05/16 v1.23 LaTeX kernel commands for general use (HO)
Package: ifluatex 2016/05/16 v1.4 Provides the ifluatex switch (HO)
Package ifluatex Info: LuaTeX not detected.
Package: ifvtex 2016/05/16 v1.6 Detect VTeX and its facilities (HO)
Package ifvtex Info: VTeX not detected.
Package: intcalc 2016/05/16 v1.2 Expandable calculations with integers (HO)
Package: ifpdf 2018/09/07 v3.3 Provides the ifpdf switch
Package: etexcmds 2016/05/16 v1.6 Avoid name clashes with e-TeX commands (HO)
Package: kvsetkeys 2016/05/16 v1.17 Key value parser (HO)
Package: kvdefinekeys 2016/05/16 v1.4 Define keys (HO)
Package: pdftexcmds 2018/09/10 v0.29 Utility functions of pdfTeX for LuaTeX (HO
)
Package pdftexcmds Info: LuaTeX not detected.
Package pdftexcmds Info: \pdf@primitive is available.
Package pdftexcmds Info: \pdf@ifprimitive is available.
Package pdftexcmds Info: \pdfdraftmode found.
Package: pdfescape 2016/05/16 v1.14 Implements pdfTeX's escape features (HO)
Package: bigintcalc 2016/05/16 v1.4 Expandable calculations on big integers (HO
)
Package: bitset 2016/05/16 v1.2 Handle bit-vector datatype (HO)
Package: uniquecounter 2016/05/16 v1.3 Provide unlimited unique counter (HO)
)
Package hobsub Info: Skipping package `hobsub' (already loaded).
Package: letltxmacro 2016/05/16 v1.5 Let assignment for LaTeX macros (HO)
Package: hopatch 2016/05/16 v1.3 Wrapper for package hooks (HO)
Package: xcolor-patch 2016/05/16 xcolor patch
Package: atveryend 2016/05/16 v1.9 Hooks at the very end of document (HO)
Package atveryend Info: \enddocument detected (standard20110627).
Package: atbegshi 2016/06/09 v1.18 At begin shipout hook (HO)
Package: refcount 2016/05/16 v3.5 Data extraction from label references (HO)
Package: hycolor 2016/05/16 v1.8 Color options for hyperref/bookmark (HO)
)
(/usr/share/texlive/texmf-dist/tex/generic/ifxetex/ifxetex.sty
Package: ifxetex 2010/09/12 v0.6 Provides ifxetex conditional
)
(/usr/share/texlive/texmf-dist/tex/latex/oberdiek/auxhook.sty
Package: auxhook 2016/05/16 v1.4 Hooks for auxiliary files (HO)
)
(/usr/share/texlive/texmf-dist/tex/latex/oberdiek/kvoptions.sty
Package: kvoptions 2016/05/16 v3.12 Key value format for package options (HO)
)
\@linkdim=\dimen109
\Hy@linkcounter=\count106
\Hy@pagecounter=\count107

(/usr/share/texlive/texmf-dist/tex/latex/hyperref/pd1enc.def
File: pd1enc.def 2018/11/30 v6.88e Hyperref: PDFDocEncoding definition (HO)
Now handling font encoding PD1 ...
... no UTF-8 mapping file for font encoding PD1
)
\Hy@SavedSpaceFactor=\count108

(/usr/share/texlive/texmf-dist/tex/latex/latexconfig/hyperref.cfg
File: hyperref.cfg 2002/06/06 v1.2 hyperref configuration of TeXLive
)
Package hyperref Info: Hyper figures OFF on input line 4519.
Package hyperref Info: Link nesting OFF on input line 4524.
Package hyperref Info: Hyper index ON on input line 4527.
Package hyperref Info: Plain pages OFF on input line 4534.
Package hyperref Info: Backreferencing OFF on input line 4539.
Package hyperref Info: Implicit mode ON; LaTeX internals redefined.
Package hyperref Info: Bookmarks ON on input line 4772.
\c@Hy@tempcnt=\count109

(/usr/share/texlive/texmf-dist/tex/latex/url/url.sty
\Urlmuskip=\muskip10
Package: url 2013/09/16  ver 3.4  Verb mode for urls, etc.
)
LaTeX Info: Redefining \url on input line 5125.
\XeTeXLinkMargin=\dimen110
\Fld@menulength=\count110
\Field@Width=\dimen111
\Fld@charsize=\dimen112
Package hyperref Info: Hyper figures OFF on input line 6380.
Package hyperref Info: Link nesting OFF on input line 6385.
Package hyperref Info: Hyper index ON on input line 6388.
Package hyperref Info: backreferencing OFF on input line 6395.
Package hyperref Info: Link coloring OFF on input line 6400.
Package hyperref Info: Link coloring with OCG OFF on input line 6405.
Package hyperref Info: PDF/A mode OFF on input line 6410.
LaTeX Info: Redefining \ref on input line 6450.
LaTeX Info: Redefining \pageref on input line 6454.
\Hy@abspage=\count111
\c@Item=\count112
\c@Hfootnote=\count113
)
Package hyperref Info: Driver (autodetected): hpdftex.

(/usr/share/texlive/texmf-dist/tex/latex/hyperref/hpdftex.def
File: hpdftex.def 2018/11/30 v6.88e Hyperref driver for pdfTeX
\Fld@listcount=\count114
\c@bookmark@seq@number=\count115

(/usr/share/texlive/texmf-dist/tex/latex/oberdiek/rerunfilecheck.sty
Package: rerunfilecheck 2016/05/16 v1.8 Rerun checks for auxiliary files (HO)
Package uniquecounter Info: New unique counter `rerunfilecheck' on input line 2
82.
)
\Hy@SectionHShift=\skip44
)
(/usr/share/texlive/texmf-dist/tex/generic/babel/babel.sty
Package: babel 2018/11/13 3.27 The Babel package

(/usr/share/texlive/texmf-dist/tex/generic/babel/switch.def
File: switch.def 2018/11/13 3.27 Babel switching mechanism
)
(/usr/share/texlive/texmf-dist/tex/generic/babel-english/english.ldf
Language: english 2017/06/06 v3.3r English support from the babel system

(/usr/share/texlive/texmf-dist/tex/generic/babel/babel.def
File: babel.def 2018/11/13 3.27 Babel common definitions
\babel@savecnt=\count116
\U@D=\dimen113

(/usr/share/texlive/texmf-dist/tex/generic/babel/txtbabel.def)
\bbl@dirlevel=\count117
)
\l@canadian = a dialect from \language\l@american 
\l@australian = a dialect from \language\l@british 
\l@newzealand = a dialect from \language\l@british 
))
(/usr/share/texlive/texmf-dist/tex/latex/amscls/amsthm.sty
Package: amsthm 2017/10/31 v2.20.4
\thm@style=\toks17
\thm@bodyfont=\toks18
\thm@headfont=\toks19
\thm@notefont=\toks20
\thm@headpunct=\toks21
\thm@preskip=\skip45
\thm@postskip=\skip46
\thm@headsep=\skip47
\dth@everypar=\toks22
)
(/usr/share/texlive/texmf-dist/tex/latex/natbib/natbib.sty
Package: natbib 2010/09/13 8.31b (PWD, AO)
\bibhang=\skip48
\bibsep=\skip49
LaTeX Info: Redefining \cite on input line 694.
\c@NAT@ctr=\count118
)
(/usr/share/texlive/texmf-dist/tex/latex/isodate/isodate.sty
Package: isodate 2010/01/03 v2.30 Print dates with different formats (HH)

(/usr/share/texlive/texmf-dist/tex/latex/base/ifthen.sty
Package: ifthen 2014/09/29 v1.1c Standard LaTeX ifthen package (DPC)
)
(/usr/share/texlive/texmf-dist/tex/latex/substr/substr.sty
Package: substr 2009/10/20 v1.2 Handle substrings
\c@su@anzahl=\count119
)
(/usr/share/texlive/texmf-dist/tex/latex/isodate/german.idf
File: german.idf 2010/01/03 v2.30 Language definitions for isodate package (HH)


Define commands for German date format (german)
)
\c@iso@tmpmonth=\count120
\c@iso@yeartwo=\count121
\c@iso@slash=\count122
\c@iso@minus=\count123
\c@iso@dot=\count124
\c@iso@@slash=\count125
\c@iso@@minus=\count126
\c@iso@@dot=\count127
) (/usr/share/texlive/texmf-dist/tex/latex/caption/subcaption.sty
Package: subcaption 2018/05/01 v1.1-162 Sub-captions (AR)

(/usr/share/texlive/texmf-dist/tex/latex/caption/caption.sty
Package: caption 2018/10/06 v3.3-154 Customizing captions (AR)

(/usr/share/texlive/texmf-dist/tex/latex/caption/caption3.sty
Package: caption3 2018/09/12 v1.8c caption3 kernel (AR)
Package caption3 Info: TeX engine: e-TeX on input line 64.
\captionmargin=\dimen114
\captionmargin@=\dimen115
\captionwidth=\dimen116
\caption@tempdima=\dimen117
\caption@indent=\dimen118
\caption@parindent=\dimen119
\caption@hangindent=\dimen120
)
\c@caption@flags=\count128
\c@ContinuedFloat=\count129
Package caption Info: hyperref package is loaded.
)
\c@subfigure=\count130
\c@subtable=\count131
)
\c@rexample=\count132
Package hyperref Info: Option `draft' set `false' on input line 86.
Package hyperref Info: Option `colorlinks' set `true' on input line 86.
Package hyperref Info: Option `breaklinks' set `true' on input line 86.
Package hyperref Info: Option `bookmarksnumbered' set `true' on input line 86.

(/usr/share/texlive/texmf-dist/tex/latex/fancyhdr/fancyhdr.sty
Package: fancyhdr 2019/01/31 v3.10 Extensive control of page headers and footer
s
\f@nch@headwidth=\skip50
\f@nch@O@elh=\skip51
\f@nch@O@erh=\skip52
\f@nch@O@olh=\skip53
\f@nch@O@orh=\skip54
\f@nch@O@elf=\skip55
\f@nch@O@erf=\skip56
\f@nch@O@olf=\skip57
\f@nch@O@orf=\skip58
)
(/usr/share/texlive/texmf-dist/tex/latex/geometry/geometry.sty
Package: geometry 2018/04/16 v5.8 Page Geometry
\Gm@cnth=\count133
\Gm@cntv=\count134
\c@Gm@tempcnt=\count135
\Gm@bindingoffset=\dimen121
\Gm@wd@mp=\dimen122
\Gm@odd@mp=\dimen123
\Gm@even@mp=\dimen124
\Gm@layoutwidth=\dimen125
\Gm@layoutheight=\dimen126
\Gm@layouthoffset=\dimen127
\Gm@layoutvoffset=\dimen128
\Gm@dimlist=\toks23
)
(/usr/share/texlive/texmf-dist/tex/latex/upquote/upquote.sty
Package: upquote 2012/04/19 v1.3 upright-quote and grave-accent glyphs in verba
tim
)
(./OpenGeoHub-machine-learning-training-1.aux)
\openout1 = `OpenGeoHub-machine-learning-training-1.aux'.

LaTeX Font Info:    Checking defaults for OML/cmm/m/it on input line 116.
LaTeX Font Info:    ... okay on input line 116.
LaTeX Font Info:    Checking defaults for T1/cmr/m/n on input line 116.
LaTeX Font Info:    ... okay on input line 116.
LaTeX Font Info:    Checking defaults for OT1/cmr/m/n on input line 116.
LaTeX Font Info:    ... okay on input line 116.
LaTeX Font Info:    Checking defaults for OMS/cmsy/m/n on input line 116.
LaTeX Font Info:    ... okay on input line 116.
LaTeX Font Info:    Checking defaults for OMX/cmex/m/n on input line 116.
LaTeX Font Info:    ... okay on input line 116.
LaTeX Font Info:    Checking defaults for U/cmr/m/n on input line 116.
LaTeX Font Info:    ... okay on input line 116.
LaTeX Font Info:    Checking defaults for PD1/pdf/m/n on input line 116.
LaTeX Font Info:    ... okay on input line 116.

(/usr/share/texlive/texmf-dist/tex/context/base/mkii/supp-pdf.mkii
[Loading MPS to PDF converter (version 2006.09.02).]
\scratchcounter=\count136
\scratchdimen=\dimen129
\scratchbox=\box27
\nofMPsegments=\count137
\nofMParguments=\count138
\everyMPshowfont=\toks24
\MPscratchCnt=\count139
\MPscratchDim=\dimen130
\MPnumerator=\count140
\makeMPintoPDFobject=\count141
\everyMPtoPDFconversion=\toks25
) (/usr/share/texlive/texmf-dist/tex/latex/oberdiek/epstopdf-base.sty
Package: epstopdf-base 2016/05/15 v2.6 Base part for package epstopdf

(/usr/share/texlive/texmf-dist/tex/latex/oberdiek/grfext.sty
Package: grfext 2016/05/16 v1.2 Manage graphics extensions (HO)
)
Package epstopdf-base Info: Redefining graphics rule for `.eps' on input line 4
38.
Package grfext Info: Graphics extension search list:
(grfext)             [.pdf,.png,.jpg,.mps,.jpeg,.jbig2,.jb2,.PDF,.PNG,.JPG,.JPE
G,.JBIG2,.JB2,.eps]
(grfext)             \AppendGraphicsExtensions on input line 456.

(/usr/share/texlive/texmf-dist/tex/latex/latexconfig/epstopdf-sys.cfg
File: epstopdf-sys.cfg 2010/07/13 v1.3 Configuration of (r)epstopdf for TeX Liv
e
))
\AtBeginShipoutBox=\box28
Package hyperref Info: Link coloring ON on input line 116.

(/usr/share/texlive/texmf-dist/tex/latex/hyperref/nameref.sty
Package: nameref 2016/05/21 v2.44 Cross-referencing by name of section

(/usr/share/texlive/texmf-dist/tex/generic/oberdiek/gettitlestring.sty
Package: gettitlestring 2016/05/16 v1.5 Cleanup title references (HO)
)
\c@section@level=\count142
)
LaTeX Info: Redefining \ref on input line 116.
LaTeX Info: Redefining \pageref on input line 116.
LaTeX Info: Redefining \nameref on input line 116.

(./OpenGeoHub-machine-learning-training-1.out)
(./OpenGeoHub-machine-learning-training-1.out)
\@outlinefile=\write3
\openout3 = `OpenGeoHub-machine-learning-training-1.out'.


isodate: babel.sty has been loaded
Package caption Info: Begin \AtBeginDocument code.
Package caption Info: End \AtBeginDocument code.
*geometry* driver: auto-detecting
*geometry* detected driver: pdftex

Package geometry Warning: The marginal notes overrun the paper.
     Add 27.64174pt and more to the right margin.

*geometry* verbose mode - [ preamble ] result:
* driver: pdftex
* paper: a4paper
* layout: <same size as paper>
* layoutoffset:(h,v)=(0.0pt,0.0pt)
* modes: twoside 
* h-part:(L,W,R)=(71.13188pt, 441.01773pt, 85.35826pt)
* v-part:(T,H,B)=(71.13188pt, 708.47354pt, 65.44142pt)
* \paperwidth=597.50787pt
* \paperheight=845.04684pt
* \textwidth=441.01773pt
* \textheight=708.47354pt
* \oddsidemargin=-1.1381pt
* \evensidemargin=13.08827pt
* \topmargin=-75.11499pt
* \headheight=48.36958pt
* \headsep=25.6073pt
* \topskip=11.0pt
* \footskip=42.67912pt
* \marginparwidth=103.0pt
* \marginparsep=10.0pt
* \columnsep=10.0pt
* \skip\footins=10.0pt plus 4.0pt minus 2.0pt
* \hoffset=0.0pt
* \voffset=0.0pt
* \mag=1000
* \@twocolumnfalse
* \@twosidetrue
* \@mparswitchtrue
* \@reversemarginfalse
* (1in=72.27pt=25.4mm, 1cm=28.453pt)

<figure/BFH-Logo.pdf, id=36, 105.84544pt x 54.06198pt>
File: figure/BFH-Logo.pdf Graphic file (type pdf)
<use figure/BFH-Logo.pdf>
Package pdftex.def Info: figure/BFH-Logo.pdf  used on input line 123.
(pdftex.def)             Requested size: 119.07666pt x 60.82037pt.
<figure/logo-opengeohub.png, id=37, 641.7576pt x 121.4136pt>
File: figure/logo-opengeohub.png Graphic file (type png)
<use figure/logo-opengeohub.png>
Package pdftex.def Info: figure/logo-opengeohub.png  used on input line 128.
(pdftex.def)             Requested size: 132.30666pt x 25.03075pt.
LaTeX Font Info:    Try loading font information for OMS+cmss on input line 146
.
LaTeX Font Info:    No file OMScmss.fd. on input line 146.

LaTeX Font Warning: Font shape `OMS/cmss/m/n' undefined
(Font)              using `OMS/cmsy/m/n' instead on input line 146.

(./OpenGeoHub-machine-learning-training-1.toc
LaTeX Font Info:    External font `cmex10' loaded for size
(Font)              <10.95> on input line 11.
LaTeX Font Info:    External font `cmex10' loaded for size
(Font)              <8> on input line 11.
LaTeX Font Info:    External font `cmex10' loaded for size
(Font)              <6> on input line 11.
)
\tf@toc=\write4
\openout4 = `OpenGeoHub-machine-learning-training-1.toc'.

Package color Info: Redefining color shadecolor on input line 173.

Overfull \hbox (61.01915pt too wide) in paragraph at lines 175--175
[][]\OT1/cmtt/m/it/10.95 # install.packages(c("grpgreg", "glmnet", "kernlab", "
caret", "randomForest", "mboost",[][] 
 []

LaTeX Font Info:    Font shape `OT1/cmtt/bx/n' in size <10.95> not available
(Font)              Font shape `OT1/cmtt/m/n' tried instead on input line 177.
[1

{/var/lib/texmf/fonts/map/pdftex/updmap/pdftex.map} <./figure/BFH-Logo.pdf> <./
figure/logo-opengeohub.png>]
Package color Info: Redefining color shadecolor on input line 200.

Overfull \hbox (1.63123pt too wide) in paragraph at lines 216--216
[][]\OT1/cmtt/m/n/10.95 d.wlog100[] []<-[] []berne[berne[][]$[][]dataset[][]==[
][]"calibration"[][]&![][]is.na[][](berne[][]$[][]waterlog.100), ][][] 
 []

Package color Info: Redefining color shadecolor on input line 245.
LaTeX Font Info:    Try loading font information for OMS+cmtt on input line 250
.
(/usr/share/R/share/texmf/tex/latex/omscmtt.fd
File: omscmtt.fd 
)
LaTeX Font Info:    Font shape `OMS/cmtt/m/n' in size <10.95> not available
(Font)              Font shape `OMS/cmsy/m/n' tried instead on input line 250.
 [2]
Package color Info: Redefining color shadecolor on input line 262.

Overfull \hbox (7.37991pt too wide) in paragraph at lines 274--274
[]                   []\OT1/cmtt/m/n/10.95 rep[][](n[][]+[][]length[][](l.numer
ic),[] []nlevels[][](d.ph10[, l.factors[n]])[][]-[][]1[][])[][] 
 []

Package color Info: Redefining color shadecolor on input line 293.
Package color Info: Redefining color shadecolor on input line 312.
[3]
Package color Info: Redefining color shadecolor on input line 336.
<figure/lasso-plot-cv-1.pdf, id=78, 505.89pt x 325.215pt>
File: figure/lasso-plot-cv-1.pdf Graphic file (type pdf)
<use figure/lasso-plot-cv-1.pdf>
Package pdftex.def Info: figure/lasso-plot-cv-1.pdf  used on input line 338.
(pdftex.def)             Requested size: 352.81552pt x 226.81526pt.

Overfull \hbox (21.69868pt too wide) in paragraph at lines 351--353
\OT1/cmr/m/n/10.95 fac-tors. There-fore, we use ``stan-dard'' lasso from R pack
-age \OT1/cmtt/m/n/10.95 glmnet \OT1/cmr/m/n/10.95 (the op-tion \OT1/cmtt/m/n/1
0.95 type.multinomial
 []

Package color Info: Redefining color shadecolor on input line 356.

Overfull \hbox (1.63123pt too wide) in paragraph at lines 363--363
[][]\OT1/cmtt/m/n/10.95 XX[] []<-[] []model.matrix[][]([][]~[][].,d.drain[, l.c
ovar[[][]sample[][]([][]1[][]:[][]length[][](l.covar),[] []30[][])]])[,[][]-[][
]1[][]][][] 
 []

Package color Info: Redefining color shadecolor on input line 377.
[4 <./figure/lasso-plot-cv-1.pdf>]
LaTeX Font Info:    Try loading font information for OMS+cmr on input line 395.


(/usr/share/texlive/texmf-dist/tex/latex/base/omscmr.fd
File: omscmr.fd 2014/09/29 v2.5h Standard LaTeX font definitions
)
LaTeX Font Info:    Font shape `OMS/cmr/m/n' in size <10.95> not available
(Font)              Font shape `OMS/cmsy/m/n' tried instead on input line 395.

Overfull \hbox (19.6931pt too wide) in paragraph at lines 395--396
[]\OT1/cmr/m/n/10.95 Select the lasso for a bi-nary re-sponse (e.g. pres-ence/a
bsence of wa-ter-log-ging \OT1/cmtt/m/n/10.95 waterlog.100\OT1/cmr/m/n/10.95 ).

 []

[5]
Package color Info: Redefining color shadecolor on input line 410.

Overfull \hbox (7.37991pt too wide) in paragraph at lines 435--435
[]                                      []\OT1/cmtt/m/n/10.95 sig[] []-[] []seq
[][]([][]0[][], sig[][]*[][]2[][],[] []by[] []= sig[][]/[][]1[][])) ),[] []6[][
])))[][] 
 []


Overfull \hbox (1.63123pt too wide) in paragraph at lines 440--440
[]                           []\OT1/cmtt/m/n/10.95 svm.tune1[][]$[][]bestTune[]
[]$[][]C[] []+[] []seq[][]([][]0[][],[] []0.3[][],[] []by[] []=[] []0.1[][]) ))
 ))[][] 
 []

Package color Info: Redefining color shadecolor on input line 458.
[6

]
Overfull \hbox (30.37466pt too wide) in paragraph at lines 468--468
[][]\OT1/cmtt/m/n/10.95 lines[][]([][]lowess[][](svm.model[][]$[][]pred[][]$[][
]pred, svm.model[][]$[][]pred[][]$[][]obs),[] []col[] []=[] []"darkgreen"[][],[
] []lwd[] []=[] []2[][])[][] 
 []


Overfull \hbox (7.37991pt too wide) in paragraph at lines 479--479
[][]\OT1/cmtt/m/n/10.95 lines[][]([][]lowess[][](t.pred.val, d.ph10.val[,[] []"
ph.0.10"[][]]),[] []col[] []=[] []"darkgreen"[][],[] []lwd[] []=[] []2[][])[][]
 
 []

<figure/svm-validation-plots-1.pdf, id=100, 722.7pt x 361.35pt>
File: figure/svm-validation-plots-1.pdf Graphic file (type pdf)
<use figure/svm-validation-plots-1.pdf>
Package pdftex.def Info: figure/svm-validation-plots-1.pdf  used on input line 
483.
(pdftex.def)             Requested size: 374.86775pt x 187.43442pt.
[7 <./figure/svm-validation-plots-1.pdf>]
Overfull \hbox (3.15631pt too wide) in paragraph at lines 497--498
\OT1/cmr/m/n/10.95 demon-strated here with the func-tion \OT1/cmtt/m/n/10.95 mc
lapply \OT1/cmr/m/n/10.95 (does not work on Win-dows, then use \OT1/cmtt/m/n/10
.95 mc.cores
 []

Package color Info: Redefining color shadecolor on input line 502.
LaTeX Font Info:    Font shape `OMS/cmtt/m/it' in size <10.95> not available
(Font)              Font shape `OMS/cmsy/m/n' tried instead on input line 543.

Overfull \vbox (2.19942pt too high) detected at line 558
 []

[8

]
Package color Info: Redefining color shadecolor on input line 563.

Overfull \hbox (30.37466pt too wide) in paragraph at lines 568--568
[][]\OT1/cmtt/m/n/10.95 lines[][]([] []lowess[][]( mtry.oob[][]$[][]mtry.n, mtr
y.oob[][]$[][]mtry.OOBe ),[] []lwd[] []=[] []1.5[][],[] []col[] []=[] []"darkgr
ey"[][])[][] 
 []

<figure/random-forest-plot-mtry-1.pdf, id=116, 433.62pt x 339.2675pt>
File: figure/random-forest-plot-mtry-1.pdf Graphic file (type pdf)
<use figure/random-forest-plot-mtry-1.pdf>
Package pdftex.def Info: figure/random-forest-plot-mtry-1.pdf  used on input li
ne 572.
(pdftex.def)             Requested size: 264.61333pt x 207.04605pt.
[9 <./figure/random-forest-plot-mtry-1.pdf>]
Package color Info: Redefining color shadecolor on input line 603.

Overfull \hbox (9.28096pt too wide) in paragraph at lines 618--618
[][]\OT1/cmtt/m/it/10.95 # make tuning reproducible (there are random samples f
or the cross validation)[][] 
 []


Overfull \hbox (32.27571pt too wide) in paragraph at lines 626--626
[]                   []\OT1/cmtt/m/n/10.95 method[] []=[] []"gbm"[][],[] []\OT1
/cmtt/m/it/10.95 # choose "generalized boosted regression model"[][] 
 []

Package color Info: Redefining color shadecolor on input line 647.
[10

]
<figure/boosted-trees-map-1.pdf, id=132, 361.35pt x 361.35pt>
File: figure/boosted-trees-map-1.pdf Graphic file (type pdf)
<use figure/boosted-trees-map-1.pdf>
Package pdftex.def Info: figure/boosted-trees-map-1.pdf  used on input line 666
.
(pdftex.def)             Requested size: 308.71106pt x 308.71486pt.
Package color Info: Redefining color shadecolor on input line 680.
 [11 <./figure/boosted-trees-map-1.pdf>]
Package color Info: Redefining color shadecolor on input line 724.
Package color Info: Redefining color shadecolor on input line 752.
<figure/glmboost-plot-1.pdf, id=148, 505.89pt x 361.35pt>
File: figure/glmboost-plot-1.pdf Graphic file (type pdf)
<use figure/glmboost-plot-1.pdf>
Package pdftex.def Info: figure/glmboost-plot-1.pdf  used on input line 754.
(pdftex.def)             Requested size: 352.81552pt x 252.01697pt.
Package color Info: Redefining color shadecolor on input line 770.
 [12]
Underfull \vbox (badness 10000) detected at line 809
 []


Underfull \vbox (badness 10000) detected at line 809
 []

[13 <./figure/glmboost-plot-1.pdf>]
Package color Info: Redefining color shadecolor on input line 815.

Overfull \hbox (36.12335pt too wide) in paragraph at lines 844--844
[]\OT1/cmtt/m/n/10.95 ## gamboost(formula = ph.form, data = d.ph10, control = b
oost_control(mstop = 200))[] 
 []

Package color Info: Redefining color shadecolor on input line 872.
<figure/gamboost-partial-plots-1.pdf, id=166, 505.89pt x 433.62pt>
File: figure/gamboost-partial-plots-1.pdf Graphic file (type pdf)
<use figure/gamboost-partial-plots-1.pdf>
Package pdftex.def Info: figure/gamboost-partial-plots-1.pdf  used on input lin
e 874.
(pdftex.def)             Requested size: 352.81552pt x 302.42035pt.
Package color Info: Redefining color shadecolor on input line 885.
<figure/gamboost-partial-plots-spatial-1.pdf, id=167, 505.89pt x 361.35pt>
File: figure/gamboost-partial-plots-spatial-1.pdf Graphic file (type pdf)
<use figure/gamboost-partial-plots-spatial-1.pdf>
Package pdftex.def Info: figure/gamboost-partial-plots-spatial-1.pdf  used on i
nput line 887.
(pdftex.def)             Requested size: 352.81552pt x 252.01697pt.
[14] [15 <./figure/gamboost-partial-plots-1.pdf> <./figure/gamboost-partial-plo
ts-spatial-1.pdf>]
LaTeX Font Info:    Font shape `OT1/cmtt/bx/n' in size <9> not available
(Font)              Font shape `OT1/cmtt/m/n' tried instead on input line 922.
LaTeX Font Info:    Font shape `OMS/cmr/m/n' in size <9> not available
(Font)              Font shape `OMS/cmsy/m/n' tried instead on input line 925.
Package atveryend Info: Empty hook `BeforeClearDocument' on input line 959.
 [16

]
Package atveryend Info: Empty hook `AfterLastShipout' on input line 959.
 (./OpenGeoHub-machine-learning-training-1.aux)
Package atveryend Info: Executing hook `AtVeryEndDocument' on input line 959.
Package atveryend Info: Executing hook `AtEndAfterFileList' on input line 959.
Package rerunfilecheck Info: File `OpenGeoHub-machine-learning-training-1.out' 
has not changed.
(rerunfilecheck)             Checksum: 3A8829172E159500148E5F6E2C31C8E9;584.


LaTeX Font Warning: Some font shapes were not available, defaults substituted.

Package atveryend Info: Empty hook `AtVeryVeryEnd' on input line 959.
 ) 
Here is how much of TeX's memory you used:
 8394 strings out of 494371
 127436 string characters out of 6171400
 243267 words of memory out of 5000000
 11929 multiletter control sequences out of 15000+600000
 11078 words of font info for 40 fonts, out of 8000000 for 9000
 81 hyphenation exceptions out of 8191
 42i,11n,43p,606b,409s stack positions out of 5000i,500n,10000p,200000b,80000s
</usr/share/texlive/texmf-dist/fonts/type1/public/amsfonts/cm/cmbx10.pfb></us
r/share/texlive/texmf-dist/fonts/type1/public/amsfonts/cm/cmbx12.pfb></usr/shar
e/texlive/texmf-dist/fonts/type1/public/amsfonts/cm/cmitt10.pfb></usr/share/tex
live/texmf-dist/fonts/type1/public/amsfonts/cm/cmmi10.pfb></usr/share/texlive/t
exmf-dist/fonts/type1/public/amsfonts/cm/cmmi8.pfb></usr/share/texlive/texmf-di
st/fonts/type1/public/amsfonts/cm/cmr10.pfb></usr/share/texlive/texmf-dist/font
s/type1/public/amsfonts/cm/cmr8.pfb></usr/share/texlive/texmf-dist/fonts/type1/
public/amsfonts/cm/cmr9.pfb></usr/share/texlive/texmf-dist/fonts/type1/public/a
msfonts/cm/cmss10.pfb></usr/share/texlive/texmf-dist/fonts/type1/public/amsfont
s/cm/cmss12.pfb></usr/share/texlive/texmf-dist/fonts/type1/public/amsfonts/cm/c
mss17.pfb></usr/share/texlive/texmf-dist/fonts/type1/public/amsfonts/cm/cmssbx1
0.pfb></usr/share/texlive/texmf-dist/fonts/type1/public/amsfonts/cm/cmsy10.pfb>
</usr/share/texlive/texmf-dist/fonts/type1/public/amsfonts/cm/cmsy9.pfb></usr/s
hare/texlive/texmf-dist/fonts/type1/public/amsfonts/cm/cmtt10.pfb></usr/share/t
exlive/texmf-dist/fonts/type1/public/amsfonts/cm/cmtt9.pfb>
Output written on OpenGeoHub-machine-learning-training-1.pdf (16 pages, 2639339
 bytes).
PDF statistics:
 262 PDF objects out of 1000 (max. 8388607)
 205 compressed objects within 3 object streams
 40 named destinations out of 1000 (max. 500000)
 110 words of extra memory for PDF output out of 10000 (max. 10000000)

